0 info it worked if it ends with ok
1 verbose cli [ '/Users/Fox/.nvm/versions/node/v6.2.1/bin/node',
1 verbose cli   '/Users/Fox/.nvm/versions/node/v6.2.1/bin/npm',
1 verbose cli   'run',
1 verbose cli   'tsc:w' ]
2 info using npm@3.9.3
3 info using node@v6.2.1
4 verbose run-script [ 'pretsc:w', 'tsc:w', 'posttsc:w' ]
5 info lifecycle gsu@1.0.0~pretsc:w: gsu@1.0.0
6 silly lifecycle gsu@1.0.0~pretsc:w: no script for pretsc:w, continuing
7 info lifecycle gsu@1.0.0~tsc:w: gsu@1.0.0
8 verbose lifecycle gsu@1.0.0~tsc:w: unsafe-perm in lifecycle true
9 verbose lifecycle gsu@1.0.0~tsc:w: PATH: /Users/Fox/.nvm/versions/node/v6.2.1/lib/node_modules/npm/bin/node-gyp-bin:/Users/Fox/Documents/Programming/gsu/node_modules/.bin:/Users/Fox/.nvm/versions/node/v6.2.1/bin:/Users/Fox/.nvm/versions/node/v6.2.1/lib/node_modules/npm/bin/node-gyp-bin:/Users/Fox/Documents/Programming/gsu/node_modules/.bin:/Users/Fox/.nvm/versions/node/v6.2.1/bin:/Users/Fox/.nvm/versions/node/v6.2.1/bin:bin:/usr/local/bin:/usr/bin:/bin:/usr/sbin:/sbinbin:/Library/Frameworks/Python.framework/Versions/3.5/bin:~/phantomjs-2.1.1-macosx/
10 verbose lifecycle gsu@1.0.0~tsc:w: CWD: /Users/Fox/Documents/Programming/gsu
11 silly lifecycle gsu@1.0.0~tsc:w: Args: [ '-c', 'tsc -w' ]
12 silly lifecycle gsu@1.0.0~tsc:w: Returned: code: 1  signal: null
13 info lifecycle gsu@1.0.0~tsc:w: Failed to exec tsc:w script
14 verbose stack Error: gsu@1.0.0 tsc:w: `tsc -w`
14 verbose stack Exit status 1
14 verbose stack     at EventEmitter.<anonymous> (/Users/Fox/.nvm/versions/node/v6.2.1/lib/node_modules/npm/lib/utils/lifecycle.js:245:16)
14 verbose stack     at emitTwo (events.js:106:13)
14 verbose stack     at EventEmitter.emit (events.js:191:7)
14 verbose stack     at ChildProcess.<anonymous> (/Users/Fox/.nvm/versions/node/v6.2.1/lib/node_modules/npm/lib/utils/spawn.js:24:14)
14 verbose stack     at emitTwo (events.js:106:13)
14 verbose stack     at ChildProcess.emit (events.js:191:7)
14 verbose stack     at maybeClose (internal/child_process.js:852:16)
14 verbose stack     at Process.ChildProcess._handle.onexit (internal/child_process.js:215:5)
15 verbose pkgid gsu@1.0.0
16 verbose cwd /Users/Fox/Documents/Programming/gsu
17 error Darwin 15.5.0
18 error argv "/Users/Fox/.nvm/versions/node/v6.2.1/bin/node" "/Users/Fox/.nvm/versions/node/v6.2.1/bin/npm" "run" "tsc:w"
19 error node v6.2.1
20 error npm  v3.9.3
21 error code ELIFECYCLE
22 error gsu@1.0.0 tsc:w: `tsc -w`
22 error Exit status 1
23 error Failed at the gsu@1.0.0 tsc:w script 'tsc -w'.
23 error Make sure you have the latest version of node.js and npm installed.
23 error If you do, this is most likely a problem with the gsu package,
23 error not with npm itself.
23 error Tell the author that this fails on your system:
23 error     tsc -w
23 error You can get information on how to open an issue for this project with:
23 error     npm bugs gsu
23 error Or if that isn't available, you can get their info via:
23 error     npm owner ls gsu
23 error There is likely additional logging output above.
24 verbose exit [ 1, true ]
